Running command: python -m hw2.experiments run-exp -n exp1_3_L2_K64-128 -K [64,128] -L 2 -P 4 -H 100
usage: experiments.py run-exp [-h] --run-name RUN_NAME [--out-dir OUT_DIR]
                              [--seed SEED] [--device DEVICE]
                              [--bs-train BATCH_SIZE] [--bs-test BATCH_SIZE]
                              [--batches BATCHES] [--epochs EPOCHS]
                              [--early-stopping EARLY_STOPPING]
                              [--checkpoints CHECKPOINTS] [--lr LR]
                              [--reg REG] --filters-per-layer K [K ...]
                              --layers-per-block L --pool-every P
                              --hidden-dims H [H ...]
                              [--model-type {cnn,resnet}]
experiments.py run-exp: error: argument --filters-per-layer/-K: invalid int value: '[64,128]'
Running command: python -m hw2.experiments run-exp -n exp1_3_L3_K64-128 -K [64,128] -L 3 -P 4 -H 100
usage: experiments.py run-exp [-h] --run-name RUN_NAME [--out-dir OUT_DIR]
                              [--seed SEED] [--device DEVICE]
                              [--bs-train BATCH_SIZE] [--bs-test BATCH_SIZE]
                              [--batches BATCHES] [--epochs EPOCHS]
                              [--early-stopping EARLY_STOPPING]
                              [--checkpoints CHECKPOINTS] [--lr LR]
                              [--reg REG] --filters-per-layer K [K ...]
                              --layers-per-block L --pool-every P
                              --hidden-dims H [H ...]
                              [--model-type {cnn,resnet}]
experiments.py run-exp: error: argument --filters-per-layer/-K: invalid int value: '[64,128]'
Running command: python -m hw2.experiments run-exp -n exp1_3_L4_K64-128 -K [64,128] -L 4 -P 4 -H 100
usage: experiments.py run-exp [-h] --run-name RUN_NAME [--out-dir OUT_DIR]
                              [--seed SEED] [--device DEVICE]
                              [--bs-train BATCH_SIZE] [--bs-test BATCH_SIZE]
                              [--batches BATCHES] [--epochs EPOCHS]
                              [--early-stopping EARLY_STOPPING]
                              [--checkpoints CHECKPOINTS] [--lr LR]
                              [--reg REG] --filters-per-layer K [K ...]
                              --layers-per-block L --pool-every P
                              --hidden-dims H [H ...]
                              [--model-type {cnn,resnet}]
experiments.py run-exp: error: argument --filters-per-layer/-K: invalid int value: '[64,128]'
