Running command: python -m hw2.experiments run-exp -n exp1_4_L8_K32 -K [32] -L 8 -P 4 -H 100 -M resnet
usage: experiments.py run-exp [-h] --run-name RUN_NAME [--out-dir OUT_DIR]
                              [--seed SEED] [--device DEVICE]
                              [--bs-train BATCH_SIZE] [--bs-test BATCH_SIZE]
                              [--batches BATCHES] [--epochs EPOCHS]
                              [--early-stopping EARLY_STOPPING]
                              [--checkpoints CHECKPOINTS] [--lr LR]
                              [--reg REG] --filters-per-layer K [K ...]
                              --layers-per-block L --pool-every P
                              --hidden-dims H [H ...]
                              [--model-type {cnn,resnet}]
experiments.py run-exp: error: argument --filters-per-layer/-K: invalid int value: '[32]'
Running command: python -m hw2.experiments run-exp -n exp1_4_L16_K32 -K [32] -L 16 -P 4 -H 100 -M resnet
usage: experiments.py run-exp [-h] --run-name RUN_NAME [--out-dir OUT_DIR]
                              [--seed SEED] [--device DEVICE]
                              [--bs-train BATCH_SIZE] [--bs-test BATCH_SIZE]
                              [--batches BATCHES] [--epochs EPOCHS]
                              [--early-stopping EARLY_STOPPING]
                              [--checkpoints CHECKPOINTS] [--lr LR]
                              [--reg REG] --filters-per-layer K [K ...]
                              --layers-per-block L --pool-every P
                              --hidden-dims H [H ...]
                              [--model-type {cnn,resnet}]
experiments.py run-exp: error: argument --filters-per-layer/-K: invalid int value: '[32]'
Running command: python -m hw2.experiments run-exp -n exp1_4_L32_K32 -K [32] -L 32 -P 4 -H 100 -M resnet
usage: experiments.py run-exp [-h] --run-name RUN_NAME [--out-dir OUT_DIR]
                              [--seed SEED] [--device DEVICE]
                              [--bs-train BATCH_SIZE] [--bs-test BATCH_SIZE]
                              [--batches BATCHES] [--epochs EPOCHS]
                              [--early-stopping EARLY_STOPPING]
                              [--checkpoints CHECKPOINTS] [--lr LR]
                              [--reg REG] --filters-per-layer K [K ...]
                              --layers-per-block L --pool-every P
                              --hidden-dims H [H ...]
                              [--model-type {cnn,resnet}]
experiments.py run-exp: error: argument --filters-per-layer/-K: invalid int value: '[32]'
Running command: python -m hw2.experiments run-exp -n exp1_4_L2_K64-128-256 -K [64,128,256] -L 2 -P 4 -H 100 -M resnet
usage: experiments.py run-exp [-h] --run-name RUN_NAME [--out-dir OUT_DIR]
                              [--seed SEED] [--device DEVICE]
                              [--bs-train BATCH_SIZE] [--bs-test BATCH_SIZE]
                              [--batches BATCHES] [--epochs EPOCHS]
                              [--early-stopping EARLY_STOPPING]
                              [--checkpoints CHECKPOINTS] [--lr LR]
                              [--reg REG] --filters-per-layer K [K ...]
                              --layers-per-block L --pool-every P
                              --hidden-dims H [H ...]
                              [--model-type {cnn,resnet}]
experiments.py run-exp: error: argument --filters-per-layer/-K: invalid int value: '[64,128,256]'
Running command: python -m hw2.experiments run-exp -n exp1_4_L4_K64-128-256 -K [64,128,256] -L 4 -P 4 -H 100 -M resnet
usage: experiments.py run-exp [-h] --run-name RUN_NAME [--out-dir OUT_DIR]
                              [--seed SEED] [--device DEVICE]
                              [--bs-train BATCH_SIZE] [--bs-test BATCH_SIZE]
                              [--batches BATCHES] [--epochs EPOCHS]
                              [--early-stopping EARLY_STOPPING]
                              [--checkpoints CHECKPOINTS] [--lr LR]
                              [--reg REG] --filters-per-layer K [K ...]
                              --layers-per-block L --pool-every P
                              --hidden-dims H [H ...]
                              [--model-type {cnn,resnet}]
experiments.py run-exp: error: argument --filters-per-layer/-K: invalid int value: '[64,128,256]'
Running command: python -m hw2.experiments run-exp -n exp1_4_L8_K64-128-256 -K [64,128,256] -L 8 -P 4 -H 100 -M resnet
usage: experiments.py run-exp [-h] --run-name RUN_NAME [--out-dir OUT_DIR]
                              [--seed SEED] [--device DEVICE]
                              [--bs-train BATCH_SIZE] [--bs-test BATCH_SIZE]
                              [--batches BATCHES] [--epochs EPOCHS]
                              [--early-stopping EARLY_STOPPING]
                              [--checkpoints CHECKPOINTS] [--lr LR]
                              [--reg REG] --filters-per-layer K [K ...]
                              --layers-per-block L --pool-every P
                              --hidden-dims H [H ...]
                              [--model-type {cnn,resnet}]
experiments.py run-exp: error: argument --filters-per-layer/-K: invalid int value: '[64,128,256]'
