[NbConvertApp] Converting notebook ./Part0_Intro.ipynb to notebook
[NbConvertApp] Writing 4118 bytes to Part0_Intro.ipynb
[NbConvertApp] Converting notebook ./Part1_Backprop.ipynb to notebook
[NbConvertApp] Writing 45053 bytes to Part1_Backprop.ipynb
[NbConvertApp] Converting notebook ./Part2_Optimization.ipynb to notebook
[NbConvertApp] Writing 4136912 bytes to Part2_Optimization.ipynb
[NbConvertApp] Converting notebook ./Part3_MLP.ipynb to notebook
[NbConvertApp] Writing 6349571 bytes to Part3_MLP.ipynb
[NbConvertApp] Converting notebook ./Part4_CNN.ipynb to notebook
[NbConvertApp] Writing 101584 bytes to Part4_CNN.ipynb
[NbConvertApp] Converting notebook ./Part5_CNN_Experiments.ipynb to notebook
[NbConvertApp] Writing 2193617 bytes to Part5_CNN_Experiments.ipynb
[NbConvertApp] Converting notebook ./Part6_YOLO.ipynb to notebook
[NbConvertApp] Writing 1671863 bytes to Part6_YOLO.ipynb
[NbConvertApp] Converting notebook ./hw2-206865362_318700291.ipynb to html
[NbConvertApp] ERROR | Notebook JSON is invalid: Additional properties are not allowed ('id' was unexpected)

Failed validating 'additionalProperties' in markdown_cell:

On instance['cells'][121]:
{'cell_type': 'markdown',
 'id': '616125a5-44b0-4f3c-a80a-3f836432bb33',
 'metadata': {'pycharm': {'name': '#%% md\n'}, 'tags': []},
 'source': '$$\n'
           '\\newcommand{\\mat}[1]{\\boldsymbol {#1}}\n'
           '\\newcommand{\\mattr}[1]...'}
[NbConvertApp] Writing 13762507 bytes to hw2-206865362_318700291.html
>> Running 7 notebooks...
>> Running nbconvert on notebook ./Part0_Intro.ipynb [execute|inplace]
>> Finished nbconvert on notebook ./Part0_Intro.ipynb, elapsed=4.757s
>> Running nbconvert on notebook ./Part1_Backprop.ipynb [execute|inplace]
>> Finished nbconvert on notebook ./Part1_Backprop.ipynb, elapsed=7.829s
>> Running nbconvert on notebook ./Part2_Optimization.ipynb [execute|inplace]
>> Finished nbconvert on notebook ./Part2_Optimization.ipynb, elapsed=194.135s
>> Running nbconvert on notebook ./Part3_MLP.ipynb [execute|inplace]
>> Finished nbconvert on notebook ./Part3_MLP.ipynb, elapsed=61.140s
>> Running nbconvert on notebook ./Part4_CNN.ipynb [execute|inplace]
>> Finished nbconvert on notebook ./Part4_CNN.ipynb, elapsed=18.897s
>> Running nbconvert on notebook ./Part5_CNN_Experiments.ipynb [execute|inplace]
>> Finished nbconvert on notebook ./Part5_CNN_Experiments.ipynb, elapsed=32.067s
>> Running nbconvert on notebook ./Part6_YOLO.ipynb [execute|inplace]
>> Finished nbconvert on notebook ./Part6_YOLO.ipynb, elapsed=27.913s
>> Running nbmerge on notebooks Part0_Intro, Part1_Backprop, Part2_Optimization, Part3_MLP, Part4_CNN, Part5_CNN_Experiments, Part6_YOLO
>> Running nbconvert on notebook ./hw2-206865362_318700291.ipynb []
>> Finished nbconvert on notebook ./hw2-206865362_318700291.ipynb, elapsed=7.038s
>> Created submission ./hw2-206865362_318700291.zip. Good luck!
